<?xml version="1.0" encoding="UTF-8"?>
<!-- Generated by org.testng.reporters.JUnitReportReporter -->
<testsuite hostname="LIN41005644" failures="0" tests="3" name="testrunner.LoginPage_TestRunner" time="98.263" errors="0" timestamp="2023-06-07T18:58:18 IST" skipped="0">
  <testcase classname="testrunner.LoginPage_TestRunner" name="runScenario" time="21.471"/>
  <system-out/>
  <testcase classname="testrunner.LoginPage_TestRunner" name="runScenario" time="21.014"/>
  <system-out/>
  <testcase classname="testrunner.LoginPage_TestRunner" name="runScenario" time="55.778"/>
  <system-out/>
</testsuite> <!-- testrunner.LoginPage_TestRunner -->
