<?xml version="1.0" encoding="UTF-8"?>
<!-- Generated by org.testng.reporters.JUnitReportReporter -->
<testsuite hostname="LIN41005644" failures="0" tests="2" name="testrunner.LoginPage_TestRunner2" time="71.290" errors="0" timestamp="2023-06-07T21:10:37 IST" skipped="0">
  <testcase classname="testrunner.LoginPage_TestRunner2" name="runScenario" time="23.406"/>
  <system-out/>
  <testcase classname="testrunner.LoginPage_TestRunner2" name="runScenario" time="47.884"/>
  <system-out/>
</testsuite> <!-- testrunner.LoginPage_TestRunner2 -->
