<?xml version="1.0" encoding="UTF-8"?>
<!-- Generated by org.testng.reporters.JUnitReportReporter -->
<testsuite hostname="LIN41005644" failures="0" tests="2" name="testrunner.LoginPage_Excel_TestRunner" time="68.269" errors="0" timestamp="2023-06-07T23:01:57 IST" skipped="0">
  <testcase classname="testrunner.LoginPage_Excel_TestRunner" name="runScenario" time="31.248"/>
  <system-out/>
  <testcase classname="testrunner.LoginPage_Excel_TestRunner" name="runScenario" time="37.021"/>
  <system-out/>
</testsuite> <!-- testrunner.LoginPage_Excel_TestRunner -->
